1738522090.650253 client started (22218): version 3.5a, socket /private/tmp/tmux-501/default, protocol 8
1738522090.650281 on Darwin 24.2.0 Darwin Kernel Version 24.2.0: Fri Dec  6 18:41:43 PST 2024; root:xnu-11215.61.5~2/RELEASE_X86_64
1738522090.650294 using libevent 2.1.12-stable select
1738522090.650306 using utf8proc 2.10.0
1738522090.650312 using ncurses 6.5 20240427
1738522090.650333 flags are 0x18010000
1738522090.650340 socket is /private/tmp/tmux-501/default
1738522090.650349 trying connect
1738522090.650365 connect failed: No such file or directory
1738522090.650379 lock file is /private/tmp/tmux-501/default.lock
1738522090.650457 flock succeeded
1738522090.650491 got lock (6)
1738522090.650499 trying connect
1738522090.650511 connect failed: No such file or directory
1738522090.651011 add peer 0x7fa9d1830000: 7 (0x0)
1738522090.653106 sending message 111 to peer 0x7fa9d1830000 (8 bytes)
1738522090.653123 sending message 111 to peer 0x7fa9d1830000 (8 bytes)
1738522090.653132 sending message 101 to peer 0x7fa9d1830000 (15 bytes)
1738522090.653140 sending message 109 to peer 0x7fa9d1830000 (4 bytes)
1738522090.653148 sending message 102 to peer 0x7fa9d1830000 (13 bytes)
1738522090.653156 sending message 108 to peer 0x7fa9d1830000 (35 bytes)
1738522090.653163 sending message 112 to peer 0x7fa9d1830000 (58 bytes)
1738522090.653171 sending message 112 to peer 0x7fa9d1830000 (5 bytes)
1738522090.653179 sending message 112 to peer 0x7fa9d1830000 (5 bytes)
1738522090.653186 sending message 112 to peer 0x7fa9d1830000 (6 bytes)
1738522090.653194 sending message 112 to peer 0x7fa9d1830000 (6 bytes)
1738522090.653201 sending message 112 to peer 0x7fa9d1830000 (11 bytes)
1738522090.653208 sending message 112 to peer 0x7fa9d1830000 (10 bytes)
1738522090.653215 sending message 112 to peer 0x7fa9d1830000 (13 bytes)
1738522090.653222 sending message 112 to peer 0x7fa9d1830000 (14 bytes)
1738522090.653230 sending message 112 to peer 0x7fa9d1830000 (19 bytes)
1738522090.653237 sending message 112 to peer 0x7fa9d1830000 (11 bytes)
1738522090.653245 sending message 112 to peer 0x7fa9d1830000 (10 bytes)
1738522090.653287 sending message 112 to peer 0x7fa9d1830000 (15 bytes)
1738522090.653294 sending message 112 to peer 0x7fa9d1830000 (21 bytes)
1738522090.653301 sending message 112 to peer 0x7fa9d1830000 (13 bytes)
1738522090.653329 sending message 112 to peer 0x7fa9d1830000 (7 bytes)
1738522090.653336 sending message 112 to peer 0x7fa9d1830000 (13 bytes)
1738522090.653367 sending message 112 to peer 0x7fa9d1830000 (7 bytes)
1738522090.653398 sending message 112 to peer 0x7fa9d1830000 (13 bytes)
1738522090.653405 sending message 112 to peer 0x7fa9d1830000 (9 bytes)
1738522090.653430 sending message 112 to peer 0x7fa9d1830000 (21 bytes)
1738522090.653457 sending message 112 to peer 0x7fa9d1830000 (13 bytes)
1738522090.653464 sending message 112 to peer 0x7fa9d1830000 (9 bytes)
1738522090.653471 sending message 112 to peer 0x7fa9d1830000 (16 bytes)
1738522090.653478 sending message 112 to peer 0x7fa9d1830000 (13 bytes)
1738522090.653486 sending message 112 to peer 0x7fa9d1830000 (9 bytes)
1738522090.653493 sending message 112 to peer 0x7fa9d1830000 (9 bytes)
1738522090.653500 sending message 112 to peer 0x7fa9d1830000 (12 bytes)
1738522090.653508 sending message 112 to peer 0x7fa9d1830000 (8 bytes)
1738522090.653515 sending message 112 to peer 0x7fa9d1830000 (8 bytes)
1738522090.653522 sending message 112 to peer 0x7fa9d1830000 (13 bytes)
1738522090.653529 sending message 112 to peer 0x7fa9d1830000 (7 bytes)
1738522090.653536 sending message 112 to peer 0x7fa9d1830000 (7 bytes)
1738522090.653543 sending message 112 to peer 0x7fa9d1830000 (9 bytes)
1738522090.653550 sending message 112 to peer 0x7fa9d1830000 (9 bytes)
1738522090.653557 sending message 112 to peer 0x7fa9d1830000 (15 bytes)
1738522090.653564 sending message 112 to peer 0x7fa9d1830000 (13 bytes)
1738522090.653572 sending message 112 to peer 0x7fa9d1830000 (12 bytes)
1738522090.653578 sending message 112 to peer 0x7fa9d1830000 (8 bytes)
1738522090.653586 sending message 112 to peer 0x7fa9d1830000 (14 bytes)
1738522090.653604 sending message 112 to peer 0x7fa9d1830000 (11 bytes)
1738522090.653609 sending message 112 to peer 0x7fa9d1830000 (9 bytes)
1738522090.653614 sending message 112 to peer 0x7fa9d1830000 (10 bytes)
1738522090.653623 sending message 112 to peer 0x7fa9d1830000 (10 bytes)
1738522090.653629 sending message 112 to peer 0x7fa9d1830000 (10 bytes)
1738522090.653634 sending message 112 to peer 0x7fa9d1830000 (10 bytes)
1738522090.653638 sending message 112 to peer 0x7fa9d1830000 (11 bytes)
1738522090.653642 sending message 112 to peer 0x7fa9d1830000 (12 bytes)
1738522090.653647 sending message 112 to peer 0x7fa9d1830000 (12 bytes)
1738522090.653651 sending message 112 to peer 0x7fa9d1830000 (12 bytes)
1738522090.653655 sending message 112 to peer 0x7fa9d1830000 (12 bytes)
1738522090.653660 sending message 112 to peer 0x7fa9d1830000 (12 bytes)
1738522090.653664 sending message 112 to peer 0x7fa9d1830000 (11 bytes)
1738522090.653669 sending message 112 to peer 0x7fa9d1830000 (11 bytes)
1738522090.653675 sending message 112 to peer 0x7fa9d1830000 (12 bytes)
1738522090.653680 sending message 112 to peer 0x7fa9d1830000 (12 bytes)
1738522090.653685 sending message 112 to peer 0x7fa9d1830000 (12 bytes)
1738522090.653690 sending message 112 to peer 0x7fa9d1830000 (12 bytes)
1738522090.653695 sending message 112 to peer 0x7fa9d1830000 (12 bytes)
1738522090.653700 sending message 112 to peer 0x7fa9d1830000 (9 bytes)
1738522090.653705 sending message 112 to peer 0x7fa9d1830000 (12 bytes)
1738522090.653710 sending message 112 to peer 0x7fa9d1830000 (13 bytes)
1738522090.653715 sending message 112 to peer 0x7fa9d1830000 (13 bytes)
1738522090.653720 sending message 112 to peer 0x7fa9d1830000 (13 bytes)
1738522090.653725 sending message 112 to peer 0x7fa9d1830000 (13 bytes)
1738522090.653730 sending message 112 to peer 0x7fa9d1830000 (13 bytes)
1738522090.653735 sending message 112 to peer 0x7fa9d1830000 (8 bytes)
1738522090.653741 sending message 112 to peer 0x7fa9d1830000 (11 bytes)
1738522090.653746 sending message 112 to peer 0x7fa9d1830000 (11 bytes)
1738522090.653752 sending message 112 to peer 0x7fa9d1830000 (11 bytes)
1738522090.653757 sending message 112 to peer 0x7fa9d1830000 (12 bytes)
1738522090.653762 sending message 112 to peer 0x7fa9d1830000 (12 bytes)
1738522090.653768 sending message 112 to peer 0x7fa9d1830000 (12 bytes)
1738522090.653773 sending message 112 to peer 0x7fa9d1830000 (12 bytes)
1738522090.653778 sending message 112 to peer 0x7fa9d1830000 (13 bytes)
1738522090.653784 sending message 112 to peer 0x7fa9d1830000 (13 bytes)
1738522090.653790 sending message 112 to peer 0x7fa9d1830000 (13 bytes)
1738522090.653795 sending message 112 to peer 0x7fa9d1830000 (8 bytes)
1738522090.653801 sending message 112 to peer 0x7fa9d1830000 (13 bytes)
1738522090.653806 sending message 112 to peer 0x7fa9d1830000 (13 bytes)
1738522090.653812 sending message 112 to peer 0x7fa9d1830000 (13 bytes)
1738522090.653818 sending message 112 to peer 0x7fa9d1830000 (13 bytes)
1738522090.653823 sending message 112 to peer 0x7fa9d1830000 (13 bytes)
1738522090.653829 sending message 112 to peer 0x7fa9d1830000 (12 bytes)
1738522090.653835 sending message 112 to peer 0x7fa9d1830000 (12 bytes)
1738522090.653840 sending message 112 to peer 0x7fa9d1830000 (12 bytes)
1738522090.653846 sending message 112 to peer 0x7fa9d1830000 (12 bytes)
1738522090.653851 sending message 112 to peer 0x7fa9d1830000 (13 bytes)
1738522090.653857 sending message 112 to peer 0x7fa9d1830000 (8 bytes)
1738522090.653863 sending message 112 to peer 0x7fa9d1830000 (13 bytes)
1738522090.653868 sending message 112 to peer 0x7fa9d1830000 (13 bytes)
1738522090.653873 sending message 112 to peer 0x7fa9d1830000 (13 bytes)
1738522090.653878 sending message 112 to peer 0x7fa9d1830000 (13 bytes)
1738522090.653883 sending message 112 to peer 0x7fa9d1830000 (13 bytes)
1738522090.653888 sending message 112 to peer 0x7fa9d1830000 (13 bytes)
1738522090.653893 sending message 112 to peer 0x7fa9d1830000 (13 bytes)
1738522090.653899 sending message 112 to peer 0x7fa9d1830000 (12 bytes)
1738522090.653913 sending message 112 to peer 0x7fa9d1830000 (12 bytes)
1738522090.653918 sending message 112 to peer 0x7fa9d1830000 (12 bytes)
1738522090.653923 sending message 112 to peer 0x7fa9d1830000 (8 bytes)
1738522090.653928 sending message 112 to peer 0x7fa9d1830000 (12 bytes)
1738522090.653933 sending message 112 to peer 0x7fa9d1830000 (13 bytes)
1738522090.653938 sending message 112 to peer 0x7fa9d1830000 (13 bytes)
1738522090.653943 sending message 112 to peer 0x7fa9d1830000 (13 bytes)
1738522090.653948 sending message 112 to peer 0x7fa9d1830000 (13 bytes)
1738522090.653953 sending message 112 to peer 0x7fa9d1830000 (13 bytes)
1738522090.653958 sending message 112 to peer 0x7fa9d1830000 (13 bytes)
1738522090.653966 sending message 112 to peer 0x7fa9d1830000 (13 bytes)
1738522090.653972 sending message 112 to peer 0x7fa9d1830000 (13 bytes)
1738522090.653977 sending message 112 to peer 0x7fa9d1830000 (12 bytes)
1738522090.653982 sending message 112 to peer 0x7fa9d1830000 (10 bytes)
1738522090.653988 sending message 112 to peer 0x7fa9d1830000 (12 bytes)
1738522090.653992 sending message 112 to peer 0x7fa9d1830000 (12 bytes)
1738522090.653997 sending message 112 to peer 0x7fa9d1830000 (12 bytes)
1738522090.654002 sending message 112 to peer 0x7fa9d1830000 (13 bytes)
1738522090.654007 sending message 112 to peer 0x7fa9d1830000 (13 bytes)
1738522090.654012 sending message 112 to peer 0x7fa9d1830000 (13 bytes)
1738522090.654017 sending message 112 to peer 0x7fa9d1830000 (13 bytes)
1738522090.654022 sending message 112 to peer 0x7fa9d1830000 (13 bytes)
1738522090.654027 sending message 112 to peer 0x7fa9d1830000 (13 bytes)
1738522090.654032 sending message 112 to peer 0x7fa9d1830000 (13 bytes)
1738522090.654037 sending message 112 to peer 0x7fa9d1830000 (10 bytes)
1738522090.654042 sending message 112 to peer 0x7fa9d1830000 (13 bytes)
1738522090.654047 sending message 112 to peer 0x7fa9d1830000 (12 bytes)
1738522090.654053 sending message 112 to peer 0x7fa9d1830000 (12 bytes)
1738522090.654058 sending message 112 to peer 0x7fa9d1830000 (12 bytes)
1738522090.654064 sending message 112 to peer 0x7fa9d1830000 (10 bytes)
1738522090.654069 sending message 112 to peer 0x7fa9d1830000 (10 bytes)
1738522090.654075 sending message 112 to peer 0x7fa9d1830000 (10 bytes)
1738522090.654080 sending message 112 to peer 0x7fa9d1830000 (12 bytes)
1738522090.654086 sending message 112 to peer 0x7fa9d1830000 (13 bytes)
1738522090.654092 sending message 112 to peer 0x7fa9d1830000 (13 bytes)
1738522090.654097 sending message 112 to peer 0x7fa9d1830000 (13 bytes)
1738522090.654103 sending message 112 to peer 0x7fa9d1830000 (13 bytes)
1738522090.654108 sending message 112 to peer 0x7fa9d1830000 (13 bytes)
1738522090.654114 sending message 112 to peer 0x7fa9d1830000 (10 bytes)
1738522090.654119 sending message 112 to peer 0x7fa9d1830000 (11 bytes)
1738522090.654125 sending message 112 to peer 0x7fa9d1830000 (12 bytes)
1738522090.654130 sending message 112 to peer 0x7fa9d1830000 (12 bytes)
1738522090.654136 sending message 112 to peer 0x7fa9d1830000 (12 bytes)
1738522090.654141 sending message 112 to peer 0x7fa9d1830000 (12 bytes)
1738522090.654147 sending message 112 to peer 0x7fa9d1830000 (12 bytes)
1738522090.654152 sending message 112 to peer 0x7fa9d1830000 (11 bytes)
1738522090.654158 sending message 112 to peer 0x7fa9d1830000 (12 bytes)
1738522090.654163 sending message 112 to peer 0x7fa9d1830000 (12 bytes)
1738522090.654168 sending message 112 to peer 0x7fa9d1830000 (13 bytes)
1738522090.654174 sending message 112 to peer 0x7fa9d1830000 (13 bytes)
1738522090.654180 sending message 112 to peer 0x7fa9d1830000 (13 bytes)
1738522090.654185 sending message 112 to peer 0x7fa9d1830000 (13 bytes)
1738522090.654191 sending message 112 to peer 0x7fa9d1830000 (13 bytes)
1738522090.654197 sending message 112 to peer 0x7fa9d1830000 (10 bytes)
1738522090.654202 sending message 112 to peer 0x7fa9d1830000 (9 bytes)
1738522090.654208 sending message 112 to peer 0x7fa9d1830000 (12 bytes)
1738522090.654212 sending message 112 to peer 0x7fa9d1830000 (13 bytes)
1738522090.654224 sending message 112 to peer 0x7fa9d1830000 (13 bytes)
1738522090.654230 sending message 112 to peer 0x7fa9d1830000 (13 bytes)
1738522090.654236 sending message 112 to peer 0x7fa9d1830000 (13 bytes)
1738522090.654240 sending message 112 to peer 0x7fa9d1830000 (13 bytes)
1738522090.654246 sending message 112 to peer 0x7fa9d1830000 (9 bytes)
1738522090.654251 sending message 112 to peer 0x7fa9d1830000 (12 bytes)
1738522090.654256 sending message 112 to peer 0x7fa9d1830000 (13 bytes)
1738522090.654261 sending message 112 to peer 0x7fa9d1830000 (13 bytes)
1738522090.654266 sending message 112 to peer 0x7fa9d1830000 (13 bytes)
1738522090.654271 sending message 112 to peer 0x7fa9d1830000 (13 bytes)
1738522090.654276 sending message 112 to peer 0x7fa9d1830000 (13 bytes)
1738522090.654281 sending message 112 to peer 0x7fa9d1830000 (11 bytes)
1738522090.654285 sending message 112 to peer 0x7fa9d1830000 (12 bytes)
1738522090.654290 sending message 112 to peer 0x7fa9d1830000 (13 bytes)
1738522090.654295 sending message 112 to peer 0x7fa9d1830000 (13 bytes)
1738522090.654300 sending message 112 to peer 0x7fa9d1830000 (13 bytes)
1738522090.654305 sending message 112 to peer 0x7fa9d1830000 (13 bytes)
1738522090.654313 sending message 112 to peer 0x7fa9d1830000 (13 bytes)
1738522090.654318 sending message 112 to peer 0x7fa9d1830000 (11 bytes)
1738522090.654323 sending message 112 to peer 0x7fa9d1830000 (12 bytes)
1738522090.654327 sending message 112 to peer 0x7fa9d1830000 (12 bytes)
1738522090.654331 sending message 112 to peer 0x7fa9d1830000 (12 bytes)
1738522090.654337 sending message 112 to peer 0x7fa9d1830000 (12 bytes)
1738522090.654341 sending message 112 to peer 0x7fa9d1830000 (12 bytes)
1738522090.654345 sending message 112 to peer 0x7fa9d1830000 (21 bytes)
1738522090.654350 sending message 112 to peer 0x7fa9d1830000 (12 bytes)
1738522090.654354 sending message 112 to peer 0x7fa9d1830000 (9 bytes)
1738522090.654359 sending message 112 to peer 0x7fa9d1830000 (6 bytes)
1738522090.654363 sending message 112 to peer 0x7fa9d1830000 (13 bytes)
1738522090.654367 sending message 112 to peer 0x7fa9d1830000 (10 bytes)
1738522090.654372 sending message 112 to peer 0x7fa9d1830000 (15 bytes)
1738522090.654377 sending message 112 to peer 0x7fa9d1830000 (13 bytes)
1738522090.654383 sending message 112 to peer 0x7fa9d1830000 (9 bytes)
1738522090.654389 sending message 112 to peer 0x7fa9d1830000 (70 bytes)
1738522090.654394 sending message 112 to peer 0x7fa9d1830000 (69 bytes)
1738522090.654399 sending message 112 to peer 0x7fa9d1830000 (73 bytes)
1738522090.654421 sending message 112 to peer 0x7fa9d1830000 (12 bytes)
1738522090.654426 sending message 112 to peer 0x7fa9d1830000 (10 bytes)
1738522090.654430 sending message 112 to peer 0x7fa9d1830000 (10 bytes)
1738522090.654435 sending message 112 to peer 0x7fa9d1830000 (15 bytes)
1738522090.654440 sending message 112 to peer 0x7fa9d1830000 (13 bytes)
1738522090.654445 sending message 112 to peer 0x7fa9d1830000 (10 bytes)
1738522090.654449 sending message 112 to peer 0x7fa9d1830000 (10 bytes)
1738522090.654454 sending message 112 to peer 0x7fa9d1830000 (17 bytes)
1738522090.654459 sending message 112 to peer 0x7fa9d1830000 (13 bytes)
1738522090.654464 sending message 112 to peer 0x7fa9d1830000 (15 bytes)
1738522090.654470 sending message 112 to peer 0x7fa9d1830000 (5 bytes)
1738522090.654476 sending message 104 to peer 0x7fa9d1830000 (0 bytes)
1738522090.654482 sending message 110 to peer 0x7fa9d1830000 (0 bytes)
1738522090.654488 sending message 107 to peer 0x7fa9d1830000 (4 bytes)
1738522090.654493 sending message 105 to peer 0x7fa9d1830000 (60 bytes)
1738522090.654499 sending message 105 to peer 0x7fa9d1830000 (66 bytes)
1738522090.654538 sending message 105 to peer 0x7fa9d1830000 (27 bytes)
1738522090.654544 sending message 105 to peer 0x7fa9d1830000 (15 bytes)
1738522090.654569 sending message 105 to peer 0x7fa9d1830000 (22 bytes)
1738522090.654593 sending message 105 to peer 0x7fa9d1830000 (14 bytes)
1738522090.654599 sending message 105 to peer 0x7fa9d1830000 (17 bytes)
1738522090.654612 sending message 105 to peer 0x7fa9d1830000 (39 bytes)
1738522090.654617 sending message 105 to peer 0x7fa9d1830000 (15 bytes)
1738522090.654623 sending message 105 to peer 0x7fa9d1830000 (43 bytes)
1738522090.654628 sending message 105 to peer 0x7fa9d1830000 (42 bytes)
1738522090.654633 sending message 105 to peer 0x7fa9d1830000 (28 bytes)
1738522090.654638 sending message 105 to peer 0x7fa9d1830000 (23 bytes)
1738522090.654643 sending message 105 to peer 0x7fa9d1830000 (454 bytes)
1738522090.654649 sending message 105 to peer 0x7fa9d1830000 (19 bytes)
1738522090.654654 sending message 105 to peer 0x7fa9d1830000 (20 bytes)
1738522090.654659 sending message 105 to peer 0x7fa9d1830000 (22 bytes)
1738522090.654664 sending message 105 to peer 0x7fa9d1830000 (20 bytes)
1738522090.654670 sending message 105 to peer 0x7fa9d1830000 (107 bytes)
1738522090.654674 sending message 105 to peer 0x7fa9d1830000 (27 bytes)
1738522090.654678 sending message 105 to peer 0x7fa9d1830000 (57 bytes)
1738522090.654683 sending message 105 to peer 0x7fa9d1830000 (20 bytes)
1738522090.654689 sending message 105 to peer 0x7fa9d1830000 (19 bytes)
1738522090.654695 sending message 105 to peer 0x7fa9d1830000 (23 bytes)
1738522090.654700 sending message 105 to peer 0x7fa9d1830000 (32 bytes)
1738522090.654705 sending message 105 to peer 0x7fa9d1830000 (61 bytes)
1738522090.654711 sending message 105 to peer 0x7fa9d1830000 (8 bytes)
1738522090.654716 sending message 105 to peer 0x7fa9d1830000 (46 bytes)
1738522090.654725 sending message 105 to peer 0x7fa9d1830000 (22 bytes)
1738522090.654731 sending message 106 to peer 0x7fa9d1830000 (0 bytes)
1738522090.654792 sending message 200 to peer 0x7fa9d1830000 (4 bytes)
1738522090.654800 client loop enter
1738522090.654821 client_signal: Child exited: 20
1738522090.755908 peer 0x7fa9d1830000 message 207
1738522090.755949 sending message 208 to peer 0x7fa9d1830000 (0 bytes)
1738522096.190143 peer 0x7fa9d1830000 message 203
1738522096.190169 sending message 205 to peer 0x7fa9d1830000 (0 bytes)
1738522096.190521 peer 0x7fa9d1830000 message 204
1738522096.190551 client loop exit
